<?xml version="1.0" encoding="UTF-8"?>
<testsuite name="com.example.backend.FoundationApplicationTests" tests="1" skipped="0" failures="0" errors="0" timestamp="2024-09-29T07:58:19" hostname="DESKTOP-JG13FJ4" time="0.68">
  <properties/>
  <testcase name="contextLoads()" classname="com.example.backend.FoundationApplicationTests" time="0.68"/>
  <system-out><![CDATA[16:58:04.456 [Test worker] INFO org.springframework.test.context.support.AnnotationConfigContextLoaderUtils -- Could not detect default configuration classes for test class [com.example.backend.FoundationApplicationTests]: FoundationApplicationTests does not declare any static, non-private, non-final, nested classes annotated with @Configuration.
16:58:04.580 [Test worker] INFO org.springframework.boot.test.context.SpringBootTestContextBootstrapper -- Found @SpringBootConfiguration com.example.backend.BackendApplication for test class com.example.backend.FoundationApplicationTests

  .   ____          _            __ _ _
 /\\ / ___'_ __ _ _(_)_ __  __ _ \ \ \ \
( ( )\___ | '_ | '_| | '_ \/ _` | \ \ \ \
 \\/  ___)| |_)| | | | | || (_| |  ) ) ) )
  '  |____| .__|_| |_|_| |_\__, | / / / /
 =========|_|==============|___/=/_/_/_/
 :: Spring Boot ::                (v3.2.5)

2024-09-29T16:58:05.088+09:00  INFO 23968 --- [    Test worker] c.e.backend.FoundationApplicationTests   : Starting FoundationApplicationTests using Java 17.0.10 with PID 23968 (started by User in C:\project\local-community-web\backend)
2024-09-29T16:58:05.090+09:00  INFO 23968 --- [    Test worker] c.e.backend.FoundationApplicationTests   : No active profile set, falling back to 1 default profile: "default"
2024-09-29T16:58:05.927+09:00  INFO 23968 --- [    Test worker] .s.d.r.c.RepositoryConfigurationDelegate : Multiple Spring Data modules found, entering strict repository configuration mode
2024-09-29T16:58:05.928+09:00  INFO 23968 --- [    Test worker] .s.d.r.c.RepositoryConfigurationDelegate : Bootstrapping Spring Data Redis repositories in DEFAULT mode.
2024-09-29T16:58:05.952+09:00  INFO 23968 --- [    Test worker] .s.d.r.c.RepositoryConfigurationDelegate : Finished Spring Data repository scanning in 7 ms. Found 0 Redis repository interfaces.
2024-09-29T16:58:06.249+09:00  INFO 23968 --- [    Test worker] .s.d.r.c.RepositoryConfigurationDelegate : Multiple Spring Data modules found, entering strict repository configuration mode
2024-09-29T16:58:06.251+09:00  INFO 23968 --- [    Test worker] .s.d.r.c.RepositoryConfigurationDelegate : Bootstrapping Spring Data JPA repositories in DEFAULT mode.
2024-09-29T16:58:06.444+09:00  INFO 23968 --- [    Test worker] .s.d.r.c.RepositoryConfigurationDelegate : Finished Spring Data repository scanning in 189 ms. Found 10 JPA repository interfaces.
2024-09-29T16:58:06.454+09:00  INFO 23968 --- [    Test worker] .s.d.r.c.RepositoryConfigurationDelegate : Multiple Spring Data modules found, entering strict repository configuration mode
2024-09-29T16:58:06.454+09:00  INFO 23968 --- [    Test worker] .s.d.r.c.RepositoryConfigurationDelegate : Bootstrapping Spring Data Redis repositories in DEFAULT mode.
2024-09-29T16:58:06.463+09:00  INFO 23968 --- [    Test worker] .RepositoryConfigurationExtensionSupport : Spring Data Redis - Could not safely identify store assignment for repository candidate interface com.example.backend.board.repository.BoardRepository; If you want this repository to be a Redis repository, consider annotating your entities with one of these annotations: org.springframework.data.redis.core.RedisHash (preferred), or consider extending one of the following types with your repository: org.springframework.data.keyvalue.repository.KeyValueRepository
2024-09-29T16:58:06.464+09:00  INFO 23968 --- [    Test worker] .RepositoryConfigurationExtensionSupport : Spring Data Redis - Could not safely identify store assignment for repository candidate interface com.example.backend.category.CategoryRepository; If you want this repository to be a Redis repository, consider annotating your entities with one of these annotations: org.springframework.data.redis.core.RedisHash (preferred), or consider extending one of the following types with your repository: org.springframework.data.keyvalue.repository.KeyValueRepository
2024-09-29T16:58:06.465+09:00  INFO 23968 --- [    Test worker] .RepositoryConfigurationExtensionSupport : Spring Data Redis - Could not safely identify store assignment for repository candidate interface com.example.backend.comment.CommentRepository; If you want this repository to be a Redis repository, consider annotating your entities with one of these annotations: org.springframework.data.redis.core.RedisHash (preferred), or consider extending one of the following types with your repository: org.springframework.data.keyvalue.repository.KeyValueRepository
2024-09-29T16:58:06.466+09:00  INFO 23968 --- [    Test worker] .RepositoryConfigurationExtensionSupport : Spring Data Redis - Could not safely identify store assignment for repository candidate interface com.example.backend.comment_like.CommentLikeRepository; If you want this repository to be a Redis repository, consider annotating your entities with one of these annotations: org.springframework.data.redis.core.RedisHash (preferred), or consider extending one of the following types with your repository: org.springframework.data.keyvalue.repository.KeyValueRepository
2024-09-29T16:58:06.466+09:00  INFO 23968 --- [    Test worker] .RepositoryConfigurationExtensionSupport : Spring Data Redis - Could not safely identify store assignment for repository candidate interface com.example.backend.post.PostRepository; If you want this repository to be a Redis repository, consider annotating your entities with one of these annotations: org.springframework.data.redis.core.RedisHash (preferred), or consider extending one of the following types with your repository: org.springframework.data.keyvalue.repository.KeyValueRepository
2024-09-29T16:58:06.466+09:00  INFO 23968 --- [    Test worker] .RepositoryConfigurationExtensionSupport : Spring Data Redis - Could not safely identify store assignment for repository candidate interface com.example.backend.post_image.PostImageRepository; If you want this repository to be a Redis repository, consider annotating your entities with one of these annotations: org.springframework.data.redis.core.RedisHash (preferred), or consider extending one of the following types with your repository: org.springframework.data.keyvalue.repository.KeyValueRepository
2024-09-29T16:58:06.467+09:00  INFO 23968 --- [    Test worker] .RepositoryConfigurationExtensionSupport : Spring Data Redis - Could not safely identify store assignment for repository candidate interface com.example.backend.post_like.PostLikeRepository; If you want this repository to be a Redis repository, consider annotating your entities with one of these annotations: org.springframework.data.redis.core.RedisHash (preferred), or consider extending one of the following types with your repository: org.springframework.data.keyvalue.repository.KeyValueRepository
2024-09-29T16:58:06.467+09:00  INFO 23968 --- [    Test worker] .RepositoryConfigurationExtensionSupport : Spring Data Redis - Could not safely identify store assignment for repository candidate interface com.example.backend.post_scrap.PostScrapRepository; If you want this repository to be a Redis repository, consider annotating your entities with one of these annotations: org.springframework.data.redis.core.RedisHash (preferred), or consider extending one of the following types with your repository: org.springframework.data.keyvalue.repository.KeyValueRepository
2024-09-29T16:58:06.467+09:00  INFO 23968 --- [    Test worker] .RepositoryConfigurationExtensionSupport : Spring Data Redis - Could not safely identify store assignment for repository candidate interface com.example.backend.region.RegionRepository; If you want this repository to be a Redis repository, consider annotating your entities with one of these annotations: org.springframework.data.redis.core.RedisHash (preferred), or consider extending one of the following types with your repository: org.springframework.data.keyvalue.repository.KeyValueRepository
2024-09-29T16:58:06.469+09:00  INFO 23968 --- [    Test worker] .RepositoryConfigurationExtensionSupport : Spring Data Redis - Could not safely identify store assignment for repository candidate interface com.example.backend.user.UserRepository; If you want this repository to be a Redis repository, consider annotating your entities with one of these annotations: org.springframework.data.redis.core.RedisHash (preferred), or consider extending one of the following types with your repository: org.springframework.data.keyvalue.repository.KeyValueRepository
2024-09-29T16:58:06.469+09:00  INFO 23968 --- [    Test worker] .s.d.r.c.RepositoryConfigurationDelegate : Finished Spring Data repository scanning in 14 ms. Found 0 Redis repository interfaces.
2024-09-29T16:58:07.256+09:00  INFO 23968 --- [    Test worker] com.zaxxer.hikari.HikariDataSource       : HikariPool-1 - Starting...
2024-09-29T16:58:07.888+09:00  INFO 23968 --- [    Test worker] com.zaxxer.hikari.pool.HikariPool        : HikariPool-1 - Added connection org.mariadb.jdbc.Connection@7c91fe86
2024-09-29T16:58:07.891+09:00  INFO 23968 --- [    Test worker] com.zaxxer.hikari.HikariDataSource       : HikariPool-1 - Start completed.
2024-09-29T16:58:08.105+09:00  INFO 23968 --- [    Test worker] o.hibernate.jpa.internal.util.LogHelper  : HHH000204: Processing PersistenceUnitInfo [name: default]
2024-09-29T16:58:08.204+09:00  INFO 23968 --- [    Test worker] org.hibernate.Version                    : HHH000412: Hibernate ORM core version 6.4.4.Final
2024-09-29T16:58:08.255+09:00  INFO 23968 --- [    Test worker] o.h.c.internal.RegionFactoryInitiator    : HHH000026: Second-level cache disabled
2024-09-29T16:58:08.566+09:00  INFO 23968 --- [    Test worker] o.s.o.j.p.SpringPersistenceUnitInfo      : No LoadTimeWeaver setup: ignoring JPA class transformer
2024-09-29T16:58:08.577+09:00  WARN 23968 --- [onnection adder] o.m.jdbc.message.server.ErrorPacket      : Error: 1040-08004: Too many connections
2024-09-29T16:58:08.738+09:00  WARN 23968 --- [onnection adder] o.m.jdbc.message.server.ErrorPacket      : Error: 1040-08004: Too many connections
2024-09-29T16:58:08.910+09:00  WARN 23968 --- [onnection adder] o.m.jdbc.message.server.ErrorPacket      : Error: 1040-08004: Too many connections
2024-09-29T16:58:09.139+09:00  WARN 23968 --- [onnection adder] o.m.jdbc.message.server.ErrorPacket      : Error: 1040-08004: Too many connections
2024-09-29T16:58:09.430+09:00  WARN 23968 --- [onnection adder] o.m.jdbc.message.server.ErrorPacket      : Error: 1040-08004: Too many connections
2024-09-29T16:58:09.873+09:00  WARN 23968 --- [onnection adder] o.m.jdbc.message.server.ErrorPacket      : Error: 1040-08004: Too many connections
2024-09-29T16:58:09.956+09:00  INFO 23968 --- [    Test worker] o.h.e.t.j.p.i.JtaPlatformInitiator       : HHH000489: No JTA platform available (set 'hibernate.transaction.jta.platform' to enable JTA platform integration)
2024-09-29T16:58:10.671+09:00  WARN 23968 --- [onnection adder] o.m.jdbc.message.server.ErrorPacket      : Error: 1040-08004: Too many connections
2024-09-29T16:58:12.088+09:00  WARN 23968 --- [onnection adder] o.m.jdbc.message.server.ErrorPacket      : Error: 1040-08004: Too many connections
2024-09-29T16:58:13.430+09:00  INFO 23968 --- [    Test worker] j.LocalContainerEntityManagerFactoryBean : Initialized JPA EntityManagerFactory for persistence unit 'default'
2024-09-29T16:58:14.189+09:00  INFO 23968 --- [    Test worker] o.s.d.j.r.query.QueryEnhancerFactory     : Hibernate is in classpath; If applicable, HQL parser will be used.
2024-09-29T16:58:14.798+09:00  WARN 23968 --- [onnection adder] o.m.jdbc.message.server.ErrorPacket      : Error: 1040-08004: Too many connections
2024-09-29T16:58:17.349+09:00  WARN 23968 --- [    Test worker] JpaBaseConfiguration$JpaWebConfiguration : spring.jpa.open-in-view is enabled by default. Therefore, database queries may be performed during view rendering. Explicitly configure spring.jpa.open-in-view to disable this warning
2024-09-29T16:58:18.081+09:00  WARN 23968 --- [    Test worker] .s.s.UserDetailsServiceAutoConfiguration : 

Using generated security password: 22f88e95-d300-47e2-ac35-08974b14ff80

This generated password is for development use only. Your security configuration must be updated before running your application in production.

2024-09-29T16:58:18.453+09:00  INFO 23968 --- [    Test worker] o.s.s.web.DefaultSecurityFilterChain     : Will secure any request with [org.springframework.security.web.session.DisableEncodeUrlFilter@1345d18f, org.springframework.security.web.context.request.async.WebAsyncManagerIntegrationFilter@74d56f47, org.springframework.security.web.context.SecurityContextHolderFilter@2c6d5b2e, org.springframework.security.web.header.HeaderWriterFilter@8a325ca, org.springframework.web.filter.CorsFilter@16a81f09, org.springframework.security.web.authentication.logout.LogoutFilter@29cbdd86, com.example.backend.signLogin.JwtTokenFilter@6719b4a, org.springframework.security.web.savedrequest.RequestCacheAwareFilter@35c8dd30, org.springframework.security.web.servletapi.SecurityContextHolderAwareRequestFilter@6cf4ac81, org.springframework.security.web.authentication.AnonymousAuthenticationFilter@3b05fba2, org.springframework.security.web.session.SessionManagementFilter@5e3d3bfd, org.springframework.security.web.access.ExceptionTranslationFilter@10dad714, org.springframework.security.web.access.intercept.AuthorizationFilter@23e883fb]
2024-09-29T16:58:19.093+09:00  INFO 23968 --- [    Test worker] c.e.backend.FoundationApplicationTests   : Started FoundationApplicationTests in 14.297 seconds (process running for 15.691)
]]></system-out>
  <system-err><![CDATA[]]></system-err>
</testsuite>
